[13:48:38] This is prokka 1.13
[13:48:38] Written by Torsten Seemann <torsten.seemann@gmail.com>
[13:48:38] Homepage is https://github.com/tseemann/prokka
[13:48:38] Local time is Fri Jun 26 13:48:38 2026
[13:48:38] You are inggridwidiaa
[13:48:38] Operating system is linux
[13:48:38] You have BioPerl 1.007002
[13:48:38] System has 8 cores.
[13:48:38] Will use maximum of 8 cores.
[13:48:38] Annotating as >>> Bacteria <<<
[13:48:38] Generating locus_tag from 'data/strain_N31_consensus.fasta' contents.
[13:48:46] Setting --locustag EFAJBHHO from MD5 efa3b1189399bd9c8223be097e367b1b
[13:48:46] Re-using existing --outdir results/annotation
[13:48:46] Using filename prefix: strain_N31.XXX
[13:48:46] Setting HMMER_NCPU=1
[13:48:46] Writing log to: results/annotation/strain_N31.log
[13:48:46] Command: /home/inggridwidiaa/miniconda3/envs/prokka_env/bin/prokka --outdir results/annotation --prefix strain_N31 --genus Escherichia --species coli --kingdom Bacteria --force data/strain_N31_consensus.fasta
[13:48:46] Appending to PATH: /home/inggridwidiaa/miniconda3/envs/prokka_env/bin
[13:48:46] Looking for 'aragorn' - found /home/inggridwidiaa/miniconda3/envs/prokka_env/bin/aragorn
[13:48:46] Determined aragorn version is 1.2
[13:48:46] Looking for 'barrnap' - found /home/inggridwidiaa/miniconda3/envs/prokka_env/bin/barrnap
[13:48:46] Determined barrnap version is 0.9
[13:48:46] Looking for 'blastp' - found /home/inggridwidiaa/miniconda3/envs/prokka_env/bin/blastp
[13:48:46] Determined blastp version is 2.9
[13:48:46] Looking for 'cmpress' - found /home/inggridwidiaa/miniconda3/envs/prokka_env/bin/cmpress
[13:48:46] Determined cmpress version is 1.1
[13:48:46] Looking for 'cmscan' - found /home/inggridwidiaa/miniconda3/envs/prokka_env/bin/cmscan
[13:48:46] Determined cmscan version is 1.1
[13:48:46] Looking for 'egrep' - found /usr/bin/egrep
[13:48:46] Looking for 'find' - found /usr/bin/find
[13:48:46] Looking for 'grep' - found /usr/bin/grep
[13:48:46] Looking for 'hmmpress' - found /home/inggridwidiaa/miniconda3/envs/prokka_env/bin/hmmpress
[13:48:46] Determined hmmpress version is 3.4
[13:48:46] Looking for 'hmmscan' - found /home/inggridwidiaa/miniconda3/envs/prokka_env/bin/hmmscan
[13:48:46] Determined hmmscan version is 3.4
[13:48:46] Looking for 'java' - found /home/inggridwidiaa/miniconda3/envs/prokka_env/bin/java
[13:48:46] Looking for 'less' - found /usr/bin/less
[13:48:46] Looking for 'makeblastdb' - found /home/inggridwidiaa/miniconda3/envs/prokka_env/bin/makeblastdb
[13:48:46] Determined makeblastdb version is 2.9
[13:48:46] Looking for 'minced' - found /home/inggridwidiaa/miniconda3/envs/prokka_env/bin/minced
[13:48:46] Determined minced version is 4.2
[13:48:46] Looking for 'parallel' - found /home/inggridwidiaa/miniconda3/envs/prokka_env/bin/parallel
[13:48:47] Determined parallel version is 20160622
[13:48:47] Looking for 'prodigal' - found /home/inggridwidiaa/miniconda3/envs/prokka_env/bin/prodigal
[13:48:47] Determined prodigal version is 2.6
[13:48:47] Looking for 'prokka-genbank_to_fasta_db' - found /home/inggridwidiaa/miniconda3/envs/prokka_env/bin/prokka-genbank_to_fasta_db
[13:48:47] Looking for 'sed' - found /usr/bin/sed
[13:48:47] Looking for 'tbl2asn' - found /home/inggridwidiaa/miniconda3/envs/prokka_env/bin/tbl2asn
[13:48:47] Determined tbl2asn version is 25.8
[13:48:47] Using genetic code table 11.
[13:48:47] Loading and checking input file: data/strain_N31_consensus.fasta
[13:48:47] Wrote 67 contigs totalling 5179245 bp.
[13:48:47] Predicting tRNAs and tmRNAs
[13:48:47] Running: aragorn -l -gc11  -w results\/annotation\/strain_N31\.fna
[13:48:49] 1 tRNA-Arg [170504,170580] 35 (tct)
[13:48:49] 2 tRNA-Gln c[274651,274725] 33 (ctg)
[13:48:49] 3 tRNA-Gln c[274763,274837] 33 (ctg)
[13:48:49] 4 tRNA-Met c[274886,274962] 35 (cat)
[13:48:49] 5 tRNA-Gln c[274978,275052] 33 (ttg)
[13:48:49] 6 tRNA-Gln c[275087,275161] 33 (ttg)
[13:48:49] 7 tRNA-Leu c[275185,275269] 35 (tag)
[13:48:49] 8 tRNA-Met c[275280,275356] 35 (cat)
[13:48:49] 9 tRNA-Lys [347718,347793] 34 (ttt)
[13:48:49] 10 tRNA-Val [347829,347904] 34 (tac)
[13:48:49] 11 tRNA-Lys [347907,347982] 34 (ttt)
[13:48:49] 12 tRNA-Val [348034,348109] 34 (tac)
[13:48:49] 13 tRNA-Lys [348113,348188] 34 (ttt)
[13:48:49] 14 tRNA-Lys [348237,348312] 34 (ttt)
[13:48:49] 15 tRNA-Lys [348346,348421] 34 (ttt)
[13:48:49] 1 tRNA-Val [119838,119914] 35 (gac)
[13:48:49] 2 tRNA-Val [119919,119995] 35 (gac)
[13:48:49] 3 tRNA-Leu c[391221,391307] 35 (taa)
[13:48:49] 4 tRNA-Cys c[391320,391393] 33 (gca)
[13:48:49] 5 tRNA-Gly c[391448,391523] 34 (gcc)
[13:48:49] 1 tRNA-Ser c[18952,19039] 35 (gga)
[13:48:49] 1 tRNA-SeC [39165,39259] 35 (tca)
[13:48:49] 1 tRNA-Pro c[42056,42132] 35 (cgg)
[13:48:49] 1 tRNA-Arg c[5624,5700] 35 (tct)
[13:48:49] 2 tRNA-Arg c[5714,5790] 35 (tcg)
[13:48:49] 3 tRNA-Met c[5798,5873] 34 (cat)
[13:48:49] 4 tRNA-Tyr [47965,48049] 35 (gta)
[13:48:49] 5 tRNA-Tyr [48083,48167] 35 (gta)
[13:48:49] 1 tRNA-Leu [76144,76228] 35 (caa)
[13:48:49] 1 tRNA-Ser c[22843,22923] 38 (gga)
[13:48:49] 1 tRNA-Pro [209917,209993] 35 (ggg)
[13:48:49] 2 tRNA-Arg [380958,381032] 34 (cct)
[13:48:49] 1 tRNA-Ser [42665,42757] 35 (gct)
[13:48:49] 2 tRNA-Arg [42761,42837] 35 (acg)
[13:48:49] 3 tRNA-Arg [42902,42978] 35 (acg)
[13:48:49] 4 tRNA-Arg [43042,43118] 35 (acg)
[13:48:49] 5 tRNA-Arg [43182,43258] 35 (acg)
[13:48:49] 1 tRNA-Asn c[16008,16083] 34 (gtt)
[13:48:49] 2 tRNA-Asn [17832,17907] 34 (gtt)
[13:48:49] 3 tRNA-Asn [20241,20316] 34 (gtt)
[13:48:49] 4 tRNA-Asn c[60135,60210] 34 (gtt)
[13:48:49] 5 tRNA-Ser [61202,61291] 35 (cga)
[13:48:49] 1 tRNA-Pro c[13362,13438] 35 (tgg)
[13:48:49] 2 tRNA-Leu c[13481,13567] 35 (cag)
[13:48:49] 3 tRNA-His c[13588,13663] 34 (gtg)
[13:48:49] 4 tRNA-Arg c[13722,13798] 35 (ccg)
[13:48:49] 5 tRNA-Trp c[48267,48342] 34 (cca)
[13:48:49] 6 tRNA-Asp c[48351,48427] 35 (gtc)
[13:48:49] 1 tRNA-Asp [507,583] 35 (gtc)
[13:48:49] 2 tRNA-Asp [8730,8806] 35 (gtc)
[13:48:49] 1 tRNA-Leu c[90386,90472] 35 (cag)
[13:48:49] 2 tRNA-Leu c[90507,90593] 35 (cag)
[13:48:49] 3 tRNA-Leu c[90622,90708] 35 (cag)
[13:48:49] 1 tmRNA c[6214,6576] 90,125 ANDENYALAA**
[13:48:49] 1 tRNA-Thr [29648,29723] 34 (cgt)
[13:48:49] 1 tRNA-Met [144184,144259] 34 (cat)
[13:48:49] 2 tRNA-Met c[238809,238885] 35 (cat)
[13:48:49] 3 tRNA-Leu c[242663,242749] 35 (gag)
[13:48:49] 4 tRNA-Thr c[342144,342219] 34 (ggt)
[13:48:49] 1 tRNA-Thr [3872,3947] 34 (tgt)
[13:48:49] 2 tRNA-Tyr [3956,4040] 35 (gta)
[13:48:49] 3 tRNA-Gly [4157,4231] 34 (tcc)
[13:48:49] 4 tRNA-Thr [4238,4313] 34 (ggt)
[13:48:49] 1 tRNA-Glu [1418,1493] 35 (ttc)
[13:48:49] 2 tRNA-Ile [1608,1684] 35 (gat)
[13:48:49] 3 tRNA-Ala [1727,1802] 34 (tgc)
[13:48:49] 1 tRNA-Met [81942,82018] 35 (cat)
[13:48:49] 2 tRNA-Met [82052,82128] 35 (cat)
[13:48:49] 3 tRNA-Met [82162,82238] 35 (cat)
[13:48:49] 4 tRNA-Gly c[158055,158128] 33 (ccc)
[13:48:49] 5 tRNA-Phe [268147,268222] 34 (gaa)
[13:48:49] 1 tRNA-Ile [308,384] 35 (gat)
[13:48:49] 2 tRNA-Ala [427,502] 34 (tgc)
[13:48:49] 1 tRNA-Ala c[404,479] 34 (tgc)
[13:48:49] 2 tRNA-Ile c[522,598] 35 (gat)
[13:48:49] 1 tRNA-Lys c[189451,189526] 34 (ttt)
[13:48:49] 2 tRNA-Val c[189531,189606] 34 (tac)
[13:48:49] 3 tRNA-Val c[189653,189728] 34 (tac)
[13:48:49] 4 tRNA-Val c[189773,189848] 34 (tac)
[13:48:49] 5 tRNA-Ala [192547,192622] 34 (ggc)
[13:48:49] 6 tRNA-Ala [192662,192737] 34 (ggc)
[13:48:49] 1 tRNA-Ser c[54521,54608] 35 (gga)
[13:48:49] 2 tRNA-Ser c[150499,150586] 35 (tga)
[13:48:49] 3 tRNA-Arg [242005,242081] 35 (tct)
[13:48:49] 1 tRNA-Gly c[37603,37678] 34 (gcc)
[13:48:49] 2 tRNA-Gly c[37714,37789] 34 (gcc)
[13:48:49] 3 tRNA-Gly c[37826,37901] 34 (gcc)
[13:48:49] 4 tRNA-Phe [67335,67410] 34 (gaa)
[13:48:49] Found 88 tRNAs
[13:48:49] Predicting Ribosomal RNAs
[13:48:49] Running Barrnap with 8 threads
[13:48:51] 1 NZ_JWZW01000005.1 341992 5S ribosomal RNA
[13:48:51] 2 NZ_JWZW01000005.1 342237 5S ribosomal RNA
[13:48:51] 3 NZ_JWZW01000007.1 242 5S ribosomal RNA
[13:48:51] 4 NZ_JWZW01000013.1 129482 5S ribosomal RNA
[13:48:51] 5 NZ_JWZW01000021.1 242 5S ribosomal RNA
[13:48:51] 6 NZ_JWZW01000026.1 48484 5S ribosomal RNA
[13:48:51] 7 NZ_JWZW01000030.1 340 5S ribosomal RNA
[13:48:51] 8 NZ_JWZW01000043.1 291 5S ribosomal RNA
[13:48:51] 9 NZ_JWZW01000049.1 8 16S ribosomal RNA
[13:48:51] 10 NZ_JWZW01000049.1 1979 23S ribosomal RNA
[13:48:51] 11 NZ_JWZW01000064.1 150 16S ribosomal RNA (partial)
[13:48:51] Found 11 rRNAs
[13:48:51] Skipping ncRNA search, enable with --rfam if desired.
[13:48:51] Total of 98 tRNA + rRNA features
[13:48:51] Searching for CRISPR repeats
[13:48:51] Found 0 CRISPRs
[13:48:51] Predicting coding sequences
[13:48:51] Contigs total 5179245 bp, so using single mode
[13:48:51] Running: prodigal -i results\/annotation\/strain_N31\.fna -c -m -g 11 -p single -f sco -q
[13:48:55] Excluding CDS which overlaps existing RNA (tRNA) at NZ_JWZW01000018.1:22608..22853 on - strand
[13:48:56] Excluding CDS which overlaps existing RNA (tRNA) at NZ_JWZW01000005.1:342067..342339 on + strand
[13:48:56] Excluding CDS which overlaps existing RNA (rRNA) at NZ_JWZW01000049.1:978..1232 on + strand
[13:48:57] Found 4881 CDS
[13:48:57] Connecting features back to sequences
[13:48:57] Not using genus-specific database. Try --usegenus to enable it.
[13:48:57] Annotating CDS, please be patient.
[13:48:57] Will use 8 CPUs for similarity searching.
[13:48:58] There are still 4881 unannotated CDS left (started with 4881)
[13:48:58] Will use blast to search against /home/inggridwidiaa/miniconda3/envs/prokka_env/bin/../db/kingdom/Bacteria/sprot with 8 CPUs
[13:48:58] Running: cat results\/annotation\/sprot\.faa | parallel --gnu --plain -j 8 --block 96445 --recstart '>' --pipe blastp -query - -db /home/inggridwidiaa/miniconda3/envs/prokka_env/bin/../db/kingdom/Bacteria/sprot -evalue 1e-06 -num_threads 1 -num_descriptions 1 -num_alignments 1 -seg no > results\/annotation\/sprot\.blast 2> /dev/null
[13:50:12] Modify product: Probable [Fe-S]-dependent transcriptional repressor FeoC => putative [Fe-S]-dependent transcriptional repressor FeoC
[13:50:12] Modify product: Uncharacterized fimbrial-like protein SfmH => putative fimbrial-like protein SfmH
[13:50:12] Modify product: UPF0401 protein YkfF => hypothetical protein
[13:50:12] Modify product: UPF0265 protein YeeX => hypothetical protein
[13:50:12] Modify product: Uncharacterized glycosyltransferase EpsJ => putative glycosyltransferase EpsJ
[13:50:12] Modify product: Putative acetyltransferase SACOL2570 => Putative acetyltransferase
[13:50:12] Modify product: Uncharacterized glycosyltransferase Rv1514c => putative glycosyltransferase
[13:50:12] Modify product: UPF0053 inner membrane protein YoaE => hypothetical protein
[13:50:12] Modify product: Probable diguanylate cyclase DgcE => putative diguanylate cyclase DgcE
[13:50:12] Modify product: UPF0339 protein YegP => hypothetical protein
[13:50:12] Modify product: Uncharacterized protease YdcP => putative protease YdcP
[13:50:12] Modify product: Uncharacterized fimbrial-like protein YehA => putative fimbrial-like protein YehA
[13:50:12] Modify product: Probable fimbrial chaperone YehC => putative fimbrial chaperone YehC
[13:50:12] Modify product: Uncharacterized fimbrial-like protein YehD => putative fimbrial-like protein YehD
[13:50:12] Modify product: Uncharacterized protein YehL => putative protein YehL
[13:50:12] Modify product: Uncharacterized lipoprotein YehR => putative lipoprotein YehR
[13:50:12] Modify product: UPF0387 membrane protein YohO => hypothetical protein
[13:50:12] Modify product: UPF0299 membrane protein YohJ => hypothetical protein
[13:50:12] Modify product: UPF0324 inner membrane protein YeiH => hypothetical protein
[13:50:12] Modify product: UPF0153 protein YeiW => hypothetical protein
[13:50:12] Modify product: Probable cyclic di-GMP phosphodiesterase PdeN => putative cyclic di-GMP phosphodiesterase PdeN
[13:50:12] Modify product: Uncharacterized protein YniD => putative protein YniD
[13:50:12] Modify product: Uncharacterized HTH-type transcriptional regulator YdjF => putative HTH-type transcriptional regulator YdjF
[13:50:12] Modify product: Uncharacterized sugar kinase YdjH => putative sugar kinase YdjH
[13:50:12] Modify product: Probable fructose-bisphosphate aldolase => putative fructose-bisphosphate aldolase
[13:50:12] Modify product: Uncharacterized zinc-type alcohol dehydrogenase-like protein YdjJ => putative zinc-type alcohol dehydrogenase-like protein YdjJ
[13:50:12] Modify product: Prophage tail fiber assembly protein homolog TfaE => Prophage tail fiber assembly protein TfaE
[13:50:12] Modify product: Stress response UPF0229 protein YhbH => hypothetical protein
[13:50:12] Modify product: Probable diguanylate cyclase CdgI => putative diguanylate cyclase CdgI
[13:50:12] Modify product: Probable diguanylate cyclase DgcJ => putative diguanylate cyclase DgcJ
[13:50:12] Modify product: Uncharacterized protein YeaR => putative protein YeaR
[13:50:12] Modify product: Probable ATP-dependent helicase DinG homolog => putative ATP-dependent helicase DinG 
[13:50:13] Modify product: Probable cyclic di-GMP phosphodiesterase PdeD => putative cyclic di-GMP phosphodiesterase PdeD
[13:50:13] Modify product: UPF0053 inner membrane protein YoaE => hypothetical protein
[13:50:13] Modify product: UPF0266 membrane protein YobD => hypothetical protein
[13:50:13] Modify product: Probable manganese efflux pump MntP => putative manganese efflux pump MntP
[13:50:13] Modify product: Uncharacterized protein HI_1672 => putative protein
[13:50:13] Modify product: Uncharacterized protein YebV => putative protein YebV
[13:50:13] Modify product: Probable transcriptional regulatory protein YebC => putative transcriptional regulatory protein YebC
[13:50:13] Modify product: UPF0394 inner membrane protein YedE => hypothetical protein
[13:50:13] Modify product: UPF0098 protein YbcL => hypothetical protein
[13:50:13] Modify product: Probable diguanylate cyclase DgcQ => putative diguanylate cyclase DgcQ
[13:50:13] Modify product: Uncharacterized inner membrane transporter YedA => putative inner membrane transporter YedA
[13:50:13] Modify product: Uncharacterized protein YedJ => putative protein YedJ
[13:50:13] Modify product: Uncharacterized protein HI_1427 => putative protein
[13:50:13] Modify product: UPF0758 protein YsxA => hypothetical protein
[13:50:13] Modify product: Probable phosphatase YcdX => putative phosphatase YcdX
[13:50:13] Modify product: Uncharacterized protein YmdA => putative protein YmdA
[13:50:13] Modify product: UPF0176 protein YceA => hypothetical protein
[13:50:13] Modify product: Cytochrome b561 homolog 2 => Cytochrome b561 
[13:50:13] Modify product: Uncharacterized protein YceO => putative protein YceO
[13:50:13] Modify product: Uncharacterized lipoprotein YceB => putative lipoprotein YceB
[13:50:13] Modify product: UPF0502 protein YceH => hypothetical protein
[13:50:13] Modify product: Uncharacterized ABC transporter ATP-binding protein YejF => putative ABC transporter ATP-binding protein YejF
[13:50:13] Modify product: Uncharacterized protein YejG => putative protein YejG
[13:50:13] Modify product: UPF0352 protein YejL => hypothetical protein
[13:50:13] Modify product: Probable autotransporter ROD_p1121 => putative autotransporter
[13:50:13] Modify product: Probable autotransporter YfaL => putative autotransporter YfaL
[13:50:13] Modify product: Uncharacterized HTH-type transcriptional regulator RhmR => putative HTH-type transcriptional regulator RhmR
[13:50:13] Modify product: Probable 4-deoxy-4-formamido-L-arabinose-phosphoundecaprenol deformylase ArnD => putative 4-deoxy-4-formamido-L-arabinose-phosphoundecaprenol deformylase ArnD
[13:50:13] Modify product: Probable 4-amino-4-deoxy-L-arabinose-phosphoundecaprenol flippase subunit ArnE => putative 4-amino-4-deoxy-L-arabinose-phosphoundecaprenol flippase subunit ArnE
[13:50:13] Modify product: Probable 4-amino-4-deoxy-L-arabinose-phosphoundecaprenol flippase subunit ArnF => putative 4-amino-4-deoxy-L-arabinose-phosphoundecaprenol flippase subunit ArnF
[13:50:13] Modify product: UPF0039 protein Rv2851c => hypothetical protein
[13:50:13] Modify product: UPF0304 protein YfbU => hypothetical protein
[13:50:13] Modify product: UPF0208 membrane protein YfbV => hypothetical protein
[13:50:13] Modify product: Uncharacterized Nudix hydrolase YfcD => putative Nudix hydrolase YfcD
[13:50:13] Modify product: Epimerase family protein SA0724 => Epimerase family protein
[13:50:13] Modify product: Uncharacterized MFS-type transporter YfcJ => putative MFS-type transporter YfcJ
[13:50:13] Modify product: Probable membrane transporter protein YfcA => putative membrane transporter protein YfcA
[13:50:13] Modify product: Uncharacterized protein YfcO => putative protein YfcO
[13:50:13] Modify product: Uncharacterized fimbrial-like protein YfcP => putative fimbrial-like protein YfcP
[13:50:13] Modify product: Uncharacterized fimbrial-like protein YfcQ => putative fimbrial-like protein YfcQ
[13:50:13] Modify product: Uncharacterized fimbrial-like protein YfcR => putative fimbrial-like protein YfcR
[13:50:13] Modify product: Probable fimbrial chaperone YfcS => putative fimbrial chaperone YfcS
[13:50:13] Modify product: Uncharacterized fimbrial-like protein YfcV => putative fimbrial-like protein YfcV
[13:50:13] Modify product: UPF0381 protein YiiS => hypothetical protein
[13:50:13] Modify product: Probable phospholipid-binding lipoprotein MlaA => putative phospholipid-binding lipoprotein MlaA
[13:50:13] Modify product: Uncharacterized protein HI_1410 => putative protein
[13:50:13] Modify product: Uncharacterized HTH-type transcriptional regulator CBU_1416 => putative HTH-type transcriptional regulator
[13:50:13] Modify product: Uncharacterized N-acetyltransferase YjaB => putative N-acetyltransferase YjaB
[13:50:13] Modify product: Uncharacterized lipoprotein GfcB => putative lipoprotein GfcB
[13:50:13] Modify product: UPF0337 protein YjbJ => hypothetical protein
[13:50:13] Modify product: Uncharacterized HTH-type transcriptional regulator HI_1476 => putative HTH-type transcriptional regulator
[13:50:13] Modify product: Uncharacterized protein YdfR => putative protein YdfR
[13:50:13] Modify product: Uncharacterized metal-dependent hydrolase YcfH => putative metal-dependent hydrolase YcfH
[13:50:13] Modify product: UPF0227 protein YcfP => hypothetical protein
[13:50:13] Modify product: Probable L,D-transpeptidase YcfS => putative L,D-transpeptidase YcfS
[13:50:13] Modify product: Uncharacterized HTH-type transcriptional regulator CBU_1416 => putative HTH-type transcriptional regulator
[13:50:13] Modify product: Uncharacterized protein YlcG => putative protein YlcG
[13:50:13] Modify product: UPF0758 protein SP_1088 => hypothetical protein
[13:50:13] Modify product: UPF0701 protein YicC => hypothetical protein
[13:50:13] Modify product: UPF0126 inner membrane protein YicG => hypothetical protein
[13:50:13] Modify product: Probable fructose-bisphosphate aldolase => putative fructose-bisphosphate aldolase
[13:50:13] Modify product: Uncharacterized inner membrane transporter YicL => putative inner membrane transporter YicL
[13:50:13] Modify product: Uncharacterized symporter YidK => putative symporter YidK
[13:50:13] Modify product: Probable 2-dehydro-3-deoxygalactonokinase DgoK1 => putative 2-dehydro-3-deoxygalactonokinase DgoK1
[13:50:13] Modify product: Probable transport protein HsrA => putative transport protein HsrA
[13:50:13] Modify product: Probable L-galactonate transporter => putative L-galactonate transporter
[13:50:13] Modify product: Probable cystine transporter YijE => putative cystine transporter YijE
[13:50:13] Modify product: UPF0381 protein YiiS => hypothetical protein
[13:50:13] Modify product: Uncharacterized protein YbgJ => putative protein YbgJ
[13:50:13] Modify product: Uncharacterized protein YbgK => putative protein YbgK
[13:50:13] Modify product: UPF0271 protein YbgL => hypothetical protein
[13:50:13] Modify product: Uncharacterized ABC transporter ATP-binding protein YlmA => putative ABC transporter ATP-binding protein YlmA
[13:50:13] Modify product: UPF0098 protein YbhB => hypothetical protein
[13:50:13] Modify product: Probable multidrug ABC transporter permease YbhR => putative multidrug ABC transporter permease YbhR
[13:50:13] Modify product: Probable multidrug ABC transporter permease YbhS => putative multidrug ABC transporter permease YbhS
[13:50:13] Modify product: Probable multidrug ABC transporter ATP-binding protein YbhF => putative multidrug ABC transporter ATP-binding protein YbhF
[13:50:13] Modify product: UPF0194 membrane protein YbhG => hypothetical protein
[13:50:13] Modify product: Probable ATP-dependent helicase DinG => putative ATP-dependent helicase DinG
[13:50:13] Modify product: Uncharacterized protein YbiB => putative protein YbiB
[13:50:13] Modify product: Uncharacterized protein YbiI => putative protein YbiI
[13:50:13] Modify product: PKHD-type hydroxylase Sbal_3634 => PKHD-type hydroxylase
[13:50:13] Modify product: Uncharacterized protein McbA => putative protein McbA
[13:50:13] Modify product: Probable L,D-transpeptidase YbiS => putative L,D-transpeptidase YbiS
[13:50:13] Modify product: Uncharacterized ABC transporter ATP-binding protein YbiT => putative ABC transporter ATP-binding protein YbiT
[13:50:13] Modify product: Probable cyclic di-GMP phosphodiesterase PdeI => putative cyclic di-GMP phosphodiesterase PdeI
[13:50:13] Modify product: Uncharacterized protein YbiI => putative protein YbiI
[13:50:13] Modify product: Probable diguanylate cyclase DgcQ => putative diguanylate cyclase DgcQ
[13:50:13] Modify product: UPF0056 inner membrane protein MarC => hypothetical protein
[13:50:13] Modify product: Probable amino-acid metabolite efflux pump => putative amino-acid metabolite efflux pump
[13:50:13] Modify product: Probable amino-acid metabolite efflux pump => putative amino-acid metabolite efflux pump
[13:50:13] Modify product: Uncharacterized protein YneM => putative protein YneM
[13:50:13] Modify product: UPF0060 membrane protein YnfA => hypothetical protein
[13:50:13] Modify product: UPF0482 protein YnfB => hypothetical protein
[13:50:13] Modify product: Uncharacterized protein YnfD => putative protein YnfD
[13:50:13] Modify product: Probable dimethyl sulfoxide reductase chain YnfF => putative dimethyl sulfoxide reductase chain YnfF
[13:50:13] Modify product: Uncharacterized oxidoreductase YdgJ => putative oxidoreductase YdgJ
[13:50:13] Modify product: Uncharacterized protein YnhF => putative protein YnhF
[13:50:13] Modify product: Uncharacterized HTH-type transcriptional regulator YahB => putative HTH-type transcriptional regulator YahB
[13:50:13] Modify product: Probable autotransporter ROD_p1121 => putative autotransporter
[13:50:13] Modify product: Uncharacterized protein YdhT => putative protein YdhT
[13:50:13] Modify product: Uncharacterized ferredoxin-like protein YdhX => putative ferredoxin-like protein YdhX
[13:50:13] Modify product: Uncharacterized protein YdhW => putative protein YdhW
[13:50:13] Modify product: Uncharacterized oxidoreductase YdhV => putative oxidoreductase YdhV
[13:50:13] Modify product: Uncharacterized ferredoxin-like protein YdhY => putative ferredoxin-like protein YdhY
[13:50:13] Modify product: Probable L,D-transpeptidase YnhG => putative L,D-transpeptidase YnhG
[13:50:13] Modify product: Probable ATP-dependent transporter SufC => putative ATP-dependent transporter SufC
[13:50:13] Modify product: Uncharacterized protein HI_1163 => putative protein
[13:50:13] Modify product: Uncharacterized protein YdiE => putative protein YdiE
[13:50:13] Modify product: UPF0761 membrane protein YihY => hypothetical protein
[13:50:13] Modify product: Uncharacterized protein YphB => putative protein YphB
[13:50:13] Modify product: Uncharacterized zinc-type alcohol dehydrogenase-like protein YjmD => putative zinc-type alcohol dehydrogenase-like protein YjmD
[13:50:13] Modify product: Uncharacterized protein YshB => putative protein YshB
[13:50:13] Modify product: Probable GTP-binding protein EngB => putative GTP-binding protein EngB
[13:50:13] Modify product: Probable acyltransferase YihG => putative acyltransferase YihG
[13:50:13] Modify product: Probable cyclic di-GMP phosphodiesterase PdeK => putative cyclic di-GMP phosphodiesterase PdeK
[13:50:13] Modify product: Uncharacterized MFS-type transporter YhjX => putative MFS-type transporter YhjX
[13:50:13] Modify product: Uncharacterized N-acetyltransferase YjaB => putative N-acetyltransferase YjaB
[13:50:13] Modify product: Probable lipoprotein YiaD => putative lipoprotein YiaD
[13:50:13] Modify product: Uncharacterized protein HI_0227 => putative protein
[13:50:13] Modify product: Uncharacterized protein YiaX1 => putative protein YiaX1
[13:50:13] Modify product: Uncharacterized protein YiaX1 => putative protein YiaX1
[13:50:13] Modify product: Uncharacterized GST-like protein YibF => putative GST-like protein YibF
[13:50:13] Modify product: Uncharacterized protein YibL => putative protein YibL
[13:50:13] Modify product: Uncharacterized protein YibN => putative protein YibN
[13:50:13] Modify product: Uncharacterized protein HI_0755 => putative protein
[13:50:13] Modify product: Uncharacterized glycosyltransferase EpsJ => putative glycosyltransferase EpsJ
[13:50:13] Modify product: Uncharacterized glycosyltransferase EpsJ => putative glycosyltransferase EpsJ
[13:50:13] Modify product: Uncharacterized protein YdfO => putative protein YdfO
[13:50:13] Modify product: Uncharacterized protein YdfR => putative protein YdfR
[13:50:13] Modify product: Uncharacterized protein YdfB => putative protein YdfB
[13:50:13] Modify product: UPF0259 membrane protein YciC => hypothetical protein
[13:50:13] Modify product: Probable intracellular septation protein A => putative intracellular septation protein A
[13:50:13] Modify product: Uncharacterized acyl-CoA thioester hydrolase HI_0827 => putative acyl-CoA thioester hydrolase
[13:50:13] Modify product: UPF0263 protein YciU => hypothetical protein
[13:50:13] Modify product: UPF0056 inner membrane protein MarC => hypothetical protein
[13:50:13] Modify product: Uncharacterized NTE family protein Rv1063c => putative NTE family protein
[13:50:13] Modify product: UPF0225 protein YchJ => hypothetical protein
[13:50:13] Modify product: Probable ABC transporter permease protein HI_1471 => putative ABC transporter permease protein
[13:50:13] Modify product: Uncharacterized ABC transporter ATP-binding protein HI_1470 => putative ABC transporter ATP-binding protein
[13:50:14] Modify product: Uncharacterized protein YcgM => putative protein YcgM
[13:50:14] Modify product: Probable autotransporter ROD_p1121 => putative autotransporter
[13:50:14] Modify product: Uncharacterized protein YmgD => putative protein YmgD
[13:50:14] Modify product: Uncharacterized fimbrial chaperone YcbF => putative fimbrial chaperone YcbF
[13:50:14] Modify product: Uncharacterized fimbrial-like protein YcbV => putative fimbrial-like protein YcbV
[13:50:14] Modify product: Probable major fimbrial subunit LpfA => putative major fimbrial subunit LpfA
[13:50:14] Modify product: Probable outer membrane usher protein ElfC => putative outer membrane usher protein ElfC
[13:50:14] Modify product: Probable major fimbrial subunit LpfA => putative major fimbrial subunit LpfA
[13:50:14] Modify product: UPF0056 inner membrane protein YhgN => hypothetical protein
[13:50:14] Modify product: Uncharacterized oxidoreductase YhhX => putative oxidoreductase YhhX
[13:50:14] Modify product: Uncharacterized protein YhhA => putative protein YhhA
[13:50:14] Modify product: Probable diguanylate cyclase DgcC => putative diguanylate cyclase DgcC
[13:50:14] Modify product: UPF0178 protein YaiI => hypothetical protein
[13:50:14] Modify product: Uncharacterized protein YaiA => putative protein YaiA
[13:50:14] Modify product: Uncharacterized lipoprotein YajI => putative lipoprotein YajI
[13:50:14] Modify product: UPF0234 protein YajQ => hypothetical protein
[13:50:14] Modify product: Uncharacterized protein HI_1008 => putative protein
[13:50:14] Modify product: Probable multidrug resistance ABC transporter ATP-binding/permease protein YheI => putative multidrug resistance ABC transporter ATP-binding/permease protein YheI
[13:50:14] Modify product: Uncharacterized lipoprotein YbaY => putative lipoprotein YbaY
[13:50:14] Modify product: Uncharacterized protein YbaA => putative protein YbaA
[13:50:14] Modify product: Probable cyclic di-GMP phosphodiesterase PdeB => putative cyclic di-GMP phosphodiesterase PdeB
[13:50:14] Modify product: Uncharacterized HTH-type transcriptional regulator YbaQ => putative HTH-type transcriptional regulator YbaQ
[13:50:14] Modify product: Probable iron export ATP-binding protein FetA => putative iron export ATP-binding protein FetA
[13:50:14] Modify product: Probable iron export permease protein FetB => putative iron export permease protein FetB
[13:50:14] Modify product: Uncharacterized protein YbbN => putative protein YbbN
[13:50:14] Modify product: Uncharacterized oxidoreductase Rv0484c => putative oxidoreductase
[13:50:14] Modify product: Uncharacterized protein YbcJ => putative protein YbcJ
[13:50:14] Modify product: Bifunctional protein FolD => Bifunctional protein FolD protein
[13:50:14] Modify product: Uncharacterized protein YjbR => putative protein YjbR
[13:50:14] Modify product: Uncharacterized protein YbdM => putative protein YbdM
[13:50:14] Modify product: Uncharacterized HTH-type transcriptional regulator YbdO => putative HTH-type transcriptional regulator YbdO
[13:50:14] Modify product: UPF0250 protein YbeD => hypothetical protein
[13:50:14] Modify product: Probable glutamine ABC transporter permease protein GlnM => putative glutamine ABC transporter permease protein GlnM
[13:50:14] Modify product: UPF0053 inner membrane protein YgdQ => hypothetical protein
[13:50:14] Modify product: UPF0053 inner membrane protein YgdQ => hypothetical protein
[13:50:14] Modify product: Uncharacterized lipoprotein ChiQ => putative lipoprotein ChiQ
[13:50:14] Modify product: Uncharacterized protein YbfE => putative protein YbfE
[13:50:14] Modify product: GTP cyclohydrolase 1 type 2 homolog => GTP cyclohydrolase 1 type 2 
[13:50:14] Modify product: Uncharacterized MFS-type transporter YhhS => putative MFS-type transporter YhhS
[13:50:14] Modify product: UPF0194 membrane protein YbhG => hypothetical protein
[13:50:14] Modify product: Uncharacterized protein HI_0933 => putative protein
[13:50:14] Modify product: Oxygen-independent coproporphyrinogen-III oxidase-like protein sll1917 => Oxygen-independent coproporphyrinogen-III oxidase-like protein
[13:50:14] Modify product: Uncharacterized protein YtfJ => putative protein YtfJ
[13:50:14] Modify product: UPF0053 inner membrane protein YtfL => hypothetical protein
[13:50:14] Modify product: UPF0307 protein YjgA => hypothetical protein
[13:50:14] Modify product: Probable fimbrial chaperone YadV => putative fimbrial chaperone YadV
[13:50:14] Modify product: Uncharacterized HTH-type transcriptional regulator YahB => putative HTH-type transcriptional regulator YahB
[13:50:14] Modify product: Probable pyridine nucleotide-disulfide oxidoreductase RclA => putative pyridine nucleotide-disulfide oxidoreductase RclA
[13:50:14] Modify product: Uncharacterized oxidoreductase YtbE => putative oxidoreductase YtbE
[13:50:14] Modify product: Uncharacterized protein YcjY => putative protein YcjY
[13:50:14] Modify product: Uncharacterized membrane protein YkgR => putative membrane protein YkgR
[13:50:14] Modify product: Probable fimbrial chaperone EcpB => putative fimbrial chaperone EcpB
[13:50:14] Modify product: Probable outer membrane usher protein EcpC => putative outer membrane usher protein EcpC
[13:50:14] Modify product: Probable fimbrial chaperone EcpE => putative fimbrial chaperone EcpE
[13:50:14] Modify product: Protein SlyX homolog => Protein SlyX 
[13:50:14] Modify product: Uncharacterized ABC transporter ATP-binding protein YheS => putative ABC transporter ATP-binding protein YheS
[13:50:14] Modify product: UPF0270 protein PA3463 => hypothetical protein
[13:50:14] Modify product: Probable adenosine monophosphate-protein transferase fic => putative adenosine monophosphate-protein transferase fic
[13:50:14] Modify product: Uncharacterized protein YhfG => putative protein YhfG
[13:50:14] Modify product: Uncharacterized protein YhfS => putative protein YhfS
[13:50:14] Modify product: Uncharacterized protein YhfX => putative protein YhfX
[13:50:14] Modify product: Putative membrane protein IgaA homolog => Putative membrane protein IgaA 
[13:50:14] Modify product: Probable transporter SCO4007 => putative transporter
[13:50:14] Modify product: Uncharacterized protein YgaM => putative protein YgaM
[13:50:14] Modify product: Probable HTH-type transcriptional regulator YgaV => putative HTH-type transcriptional regulator YgaV
[13:50:14] Modify product: Uncharacterized protein YgaU => putative protein YgaU
[13:50:14] Modify product: Probable FMN/FAD exporter YeeO => putative FMN/FAD exporter YeeO
[13:50:14] Modify product: Probable transcriptional regulatory protein YeeN => putative transcriptional regulatory protein YeeN
[13:50:14] Modify product: Putative multidrug export ATP-binding/permease protein SA1683 => Putative multidrug export ATP-binding/permease protein
[13:50:14] Modify product: Probable transcriptional regulatory protein YedW => putative transcriptional regulatory protein YedW
[13:50:14] Modify product: Probable sensor-like histidine kinase YedV => putative sensor-like histidine kinase YedV
[13:50:14] Modify product: Uncharacterized HTH-type transcriptional regulator YbbH => putative HTH-type transcriptional regulator YbbH
[13:50:14] Modify product: Uncharacterized HTH-type transcriptional regulator YahB => putative HTH-type transcriptional regulator YahB
[13:50:14] Modify product: UPF0065 protein in clcB-clcD intergenic region => hypothetical protein
[13:50:14] Modify product: Probable 2-dehydro-3-deoxygalactonokinase DgoK1 => putative 2-dehydro-3-deoxygalactonokinase DgoK1
[13:50:14] Modify product: Probable protein kinase UbiB => putative protein kinase UbiB
[13:50:14] Modify product: Probable BsuMI modification methylase subunit YdiO => putative BsuMI modification methylase subunit YdiO
[13:50:14] Modify product: Probable transport protein YifK => putative transport protein YifK
[13:50:14] Modify product: Probable ECA polymerase => putative ECA polymerase
[13:50:14] Modify product: UPF0438 protein YifE => hypothetical protein
[13:50:14] Modify product: Uncharacterized protein HI_1472 => putative protein
[13:50:14] Modify product: Probable cyclic di-GMP phosphodiesterase PdeG => putative cyclic di-GMP phosphodiesterase PdeG
[13:50:14] Modify product: Uncharacterized protein YmgC => putative protein YmgC
[13:50:14] Modify product: Probable two-component-system connector protein AriR => putative two-component-system connector protein AriR
[13:50:14] Modify product: Probable two-component-system connector protein YcgZ => putative two-component-system connector protein YcgZ
[13:50:14] Modify product: Uncharacterized protein YdfO => putative protein YdfO
[13:50:14] Modify product: Uncharacterized protein YncE => putative protein YncE
[13:50:14] Modify product: Probable TonB-dependent receptor NMB1497 => putative TonB-dependent receptor
[13:50:14] Modify product: Uncharacterized FAD-linked oxidoreductase Rv2280 => putative FAD-linked oxidoreductase
[13:50:14] Modify product: Uncharacterized FAD-linked oxidoreductase Rv2280 => putative FAD-linked oxidoreductase
[13:50:14] Modify product: Uncharacterized protein YtfJ => putative protein YtfJ
[13:50:14] Modify product: Probable Ni/Fe-hydrogenase 2 b-type cytochrome subunit => putative Ni/Fe-hydrogenase 2 b-type cytochrome subunit
[13:50:14] Modify product: Uncharacterized oxidoreductase YghA => putative oxidoreductase YghA
[13:50:14] Modify product: Uncharacterized oxidoreductase YjmC => putative oxidoreductase YjmC
[13:50:14] Modify product: Solute-binding protein Bpro_3107 => Solute-binding protein
[13:50:14] Modify product: Probable deoxycholate-binding periplasmic protein YgiS => putative deoxycholate-binding periplasmic protein YgiS
[13:50:14] Modify product: Probable quinol monooxygenase YgiN => putative quinol monooxygenase YgiN
[13:50:14] Modify product: Uncharacterized HTH-type transcriptional regulator YbbH => putative HTH-type transcriptional regulator YbbH
[13:50:14] Modify product: Probable siderophore transport system permease protein YfiZ => putative siderophore transport system permease protein YfiZ
[13:50:14] Modify product: Probable siderophore transport system ATP-binding protein YusV => putative siderophore transport system ATP-binding protein YusV
[13:50:14] Modify product: Uncharacterized fimbrial-like protein YbgD => putative fimbrial-like protein YbgD
[13:50:14] Modify product: Probable fimbrial chaperone YfcS => putative fimbrial chaperone YfcS
[13:50:14] Modify product: Uncharacterized protein YqiC => putative protein YqiC
[13:50:14] Modify product: Probable glycerol-3-phosphate acyltransferase => putative glycerol-3-phosphate acyltransferase
[13:50:14] Modify product: Uncharacterized protein YqjD => putative protein YqjD
[13:50:14] Modify product: UPF0597 protein YhaM => hypothetical protein
[13:50:14] Modify product: Probable serine transporter => putative serine transporter
[13:50:14] Modify product: Probable galactarate transporter => putative galactarate transporter
[13:50:14] Modify product: Probable galactarate transporter => putative galactarate transporter
[13:50:14] Modify product: UPF0102 protein RPA0323 => hypothetical protein
[13:50:14] Modify product: UPF0213 protein BH0048 => hypothetical protein
[13:50:14] Modify product: Uncharacterized protease YhbU => putative protease YhbU
[13:50:14] Modify product: Probable peptidoglycan glycosyltransferase FtsW => putative peptidoglycan glycosyltransferase FtsW
[13:50:14] Modify product: UPF0231 protein YacL => hypothetical protein
[13:50:14] Modify product: Uncharacterized ABC transporter ATP-binding protein YadG => putative ABC transporter ATP-binding protein YadG
[13:50:14] Modify product: Uncharacterized fimbrial-like protein YadC => putative fimbrial-like protein YadC
[13:50:14] Modify product: Uncharacterized fimbrial-like protein YadK => putative fimbrial-like protein YadK
[13:50:14] Modify product: Uncharacterized fimbrial-like protein YadL => putative fimbrial-like protein YadL
[13:50:14] Modify product: Uncharacterized fimbrial-like protein YadM => putative fimbrial-like protein YadM
[13:50:14] Modify product: Probable fimbrial chaperone YadV => putative fimbrial chaperone YadV
[13:50:14] Modify product: Uncharacterized fimbrial-like protein YadN => putative fimbrial-like protein YadN
[13:50:14] Modify product: UPF0126 inner membrane protein YadS => hypothetical protein
[13:50:14] Modify product: UPF0253 protein YaeP => hypothetical protein
[13:50:14] Modify product: Uncharacterized protein YaeQ => putative protein YaeQ
[13:50:14] Modify product: UPF0053 inner membrane protein YfjD => hypothetical protein
[13:50:15] Modify product: Uncharacterized N-acetyltransferase YafP => putative N-acetyltransferase YafP
[13:50:15] Modify product: UPF0255 protein VV1_0328 => hypothetical protein
[13:50:15] Modify product: Uncharacterized protein HI_0431 => putative protein
[13:50:15] Modify product: Prophage tail fiber assembly protein homolog TfaE => Prophage tail fiber assembly protein TfaE
[13:50:15] Modify product: Probable acyl-CoA dehydrogenase fadE25 => putative acyl-CoA dehydrogenase fadE25
[13:50:15] Modify product: Probable L,D-transpeptidase ErfK/SrfK => putative L,D-transpeptidase ErfK/SrfK
[13:50:15] Modify product: Uncharacterized protein YbdM => putative protein YbdM
[13:50:15] Modify product: Probable bifunctional chitinase/lysozyme => putative bifunctional chitinase/lysozyme
[13:50:15] Modify product: Uncharacterized sugar epimerase YhfK => putative sugar epimerase YhfK
[13:50:15] Modify product: Probable glutamate/gamma-aminobutyrate antiporter => putative glutamate/gamma-aminobutyrate antiporter
[13:50:15] Modify product: Uncharacterized HTH-type transcriptional regulator YddM => putative HTH-type transcriptional regulator YddM
[13:50:15] Modify product: Probable nitrate reductase molybdenum cofactor assembly chaperone NarW => putative nitrate reductase molybdenum cofactor assembly chaperone NarW
[13:50:15] Modify product: Uncharacterized isomerase YddE => putative isomerase YddE
[13:50:15] Modify product: Uncharacterized methyltransferase YcgJ => putative methyltransferase YcgJ
[13:50:15] Modify product: Probable 9-O-acetyl-N-acetylneuraminic acid deacetylase => putative 9-O-acetyl-N-acetylneuraminic acid deacetylase
[13:50:15] Modify product: Probable N-acetylneuraminic acid outer membrane channel protein NanC => putative N-acetylneuraminic acid outer membrane channel protein NanC
[13:50:15] Modify product: Probable major fimbrial subunit LpfA => putative major fimbrial subunit LpfA
[13:50:15] Modify product: Uncharacterized protein YjiK => putative protein YjiK
[13:50:15] Modify product: Uncharacterized GTP-binding protein YjiA => putative GTP-binding protein YjiA
[13:50:15] Modify product: Probable HTH-type transcriptional regulator LgoR => putative HTH-type transcriptional regulator LgoR
[13:50:15] Modify product: UPF0442 protein YjjB => hypothetical protein
[13:50:15] Modify product: Uncharacterized metal-dependent hydrolase YjjV => putative metal-dependent hydrolase YjjV
[13:50:15] Modify product: Uncharacterized protein YjjI => putative protein YjjI
[13:50:15] Modify product: Probable inner membrane protein Smp => putative inner membrane protein Smp
[13:50:15] Modify product: Uncharacterized tRNA/rRNA methyltransferase HI_0380 => putative tRNA/rRNA methyltransferase
[13:50:15] Modify product: UPF0246 protein YaaA => hypothetical protein
[13:50:15] Modify product: Uncharacterized inner membrane transporter YhbE => putative inner membrane transporter YhbE
[13:50:15] Modify product: Probable phospholipid ABC transporter-binding protein MlaB => putative phospholipid ABC transporter-binding protein MlaB
[13:50:15] Modify product: Probable phospholipid-binding protein MlaC => putative phospholipid-binding protein MlaC
[13:50:15] Modify product: Probable phospholipid ABC transporter-binding protein MlaD => putative phospholipid ABC transporter-binding protein MlaD
[13:50:15] Modify product: Probable phospholipid ABC transporter permease protein MlaE => putative phospholipid ABC transporter permease protein MlaE
[13:50:15] Modify product: Probable phospholipid import ATP-binding protein MlaF => putative phospholipid import ATP-binding protein MlaF
[13:50:15] Modify product: Uncharacterized protein YrbL => putative protein YrbL
[13:50:15] Modify product: Uncharacterized protein YhcH => putative protein YhcH
[13:50:15] Modify product: Uncharacterized protein YhcO => putative protein YhcO
[13:50:15] Modify product: Probable acrylyl-CoA reductase AcuI => putative acrylyl-CoA reductase AcuI
[13:50:15] Modify product: Uncharacterized membrane protein YhdT => putative membrane protein YhdT
[13:50:15] Modify product: Probable tRNA-dihydrouridine synthase => putative tRNA-dihydrouridine synthase
[13:50:15] Modify product: Probable glutamine ABC transporter permease protein GlnM => putative glutamine ABC transporter permease protein GlnM
[13:50:15] Modify product: Uncharacterized HTH-type transcriptional regulator HI_1476 => putative HTH-type transcriptional regulator
[13:50:15] Modify product: Uncharacterized protein HI_1427 => putative protein
[13:50:15] Modify product: Uncharacterized protein YgcP => putative protein YgcP
[13:50:15] Modify product: Uncharacterized FAD-linked oxidoreductase Rv2280 => putative FAD-linked oxidoreductase
[13:50:15] Modify product: Probable glucarate transporter => putative glucarate transporter
[13:50:15] Modify product: Uncharacterized protein PA3435 => putative protein
[13:50:15] Modify product: Uncharacterized protein YqcC => putative protein YqcC
[13:50:15] Modify product: Uncharacterized HTH-type transcriptional regulator YdjF => putative HTH-type transcriptional regulator YdjF
[13:50:15] Modify product: UPF0382 inner membrane protein YgdD => hypothetical protein
[13:50:15] Modify product: Uncharacterized lipoprotein YgdR => putative lipoprotein YgdR
[13:50:15] Modify product: Probable lipoprotein YiaD => putative lipoprotein YiaD
[13:50:15] Modify product: UPF0053 inner membrane protein YgdQ => hypothetical protein
[13:50:15] Modify product: Uncharacterized lipoprotein YgdR => putative lipoprotein YgdR
[13:50:15] Modify product: Probable xanthine dehydrogenase subunit A => putative xanthine dehydrogenase subunit A
[13:50:15] Modify product: Probable multidrug resistance protein EmrK => putative multidrug resistance protein EmrK
[13:50:15] Modify product: Probable multidrug resistance protein EmrY => putative multidrug resistance protein EmrY
[13:50:15] Modify product: UPF0401 protein YkfF => hypothetical protein
[13:50:15] Modify product: Uncharacterized protein YbjN => putative protein YbjN
[13:50:15] Modify product: Uncharacterized lipoprotein YbjP => putative lipoprotein YbjP
[13:50:15] Modify product: UPF0145 protein YbjQ => hypothetical protein
[13:50:15] Modify product: Uncharacterized protein HI_0461 => putative protein
[13:50:15] Modify product: Probable hydrolase YcaC => putative hydrolase YcaC
[13:50:15] Modify product: Uncharacterized MFS-type transporter YcaD => putative MFS-type transporter YcaD
[13:50:15] Modify product: Probable formate transporter 1 => putative formate transporter 1
[13:50:15] Modify product: UPF0702 transmembrane protein YetF => hypothetical protein
[13:50:15] Modify product: Uncharacterized metalloprotease YcaL => putative metalloprotease YcaL
[13:50:15] Modify product: UPF0434 protein YcaR => hypothetical protein
[13:50:15] Modify product: Uncharacterized protein YcbX => putative protein YcbX
[13:50:15] Modify product: UPF0319 protein HI_1681 => hypothetical protein
[13:50:15] Modify product: Uncharacterized protein YccU => putative protein YccU
[13:50:15] Modify product: Probable Ni/Fe-hydrogenase 1 B-type cytochrome subunit => putative Ni/Fe-hydrogenase 1 B-type cytochrome subunit
[13:50:15] Modify product: Uncharacterized protein YccJ => putative protein YccJ
[13:50:15] Modify product: Probable malonic semialdehyde reductase RutE => putative malonic semialdehyde reductase RutE
[13:50:15] Modify product: Probable diguanylate cyclase DgcT => putative diguanylate cyclase DgcT
[13:50:15] Modify product: Probable major fimbrial subunit LpfA => putative major fimbrial subunit LpfA
[13:50:15] Modify product: Multidrug efflux ATP-binding/permease protein Rv0194 => Multidrug efflux ATP-binding/permease protein
[13:50:15] Modify product: Probable L-ascorbate-6-phosphate lactonase UlaG => putative L-ascorbate-6-phosphate lactonase UlaG
[13:50:15] Modify product: UPF0719 inner membrane protein YjfL => hypothetical protein
[13:50:15] Modify product: Uncharacterized protein YqfG => putative protein YqfG
[13:50:15] Modify product: UPF0073 inner membrane protein YqfA => hypothetical protein
[13:50:15] Modify product: UPF0267 protein YqfB => hypothetical protein
[13:50:15] Modify product: UPF0149 protein HI_0817 => hypothetical protein
[13:50:15] Modify product: UPF0301 protein YqgE => hypothetical protein
[13:50:15] Modify product: Uncharacterized protein YggR => putative protein YggR
[13:50:15] Modify product: UPF0235 protein YggU => hypothetical protein
[13:50:15] Modify product: Uncharacterized protein HI_0341 => putative protein
[13:50:15] Modify product: Probable Fe(2+)-trafficking protein => putative Fe(2+)-trafficking protein
[13:50:15] Modify product: Uncharacterized membrane protein YdfK => putative membrane protein YdfK
[13:50:15] Modify product: Prophage tail fiber assembly protein homolog TfaE => Prophage tail fiber assembly protein TfaE
[13:50:15] Modify product: Prophage tail fiber assembly protein homolog TfaE => Prophage tail fiber assembly protein TfaE
[13:50:15] Modify product: Prophage tail fiber assembly protein homolog TfaE => Prophage tail fiber assembly protein TfaE
[13:50:15] Modify product: Uncharacterized tRNA/rRNA methyltransferase YfiF => putative tRNA/rRNA methyltransferase YfiF
[13:50:15] Modify product: Uncharacterized protein YphB => putative protein YphB
[13:50:15] Modify product: Probable 3-phenylpropionic acid transporter => putative 3-phenylpropionic acid transporter
[13:50:15] Modify product: Uncharacterized protein Rv2307c => putative protein
[13:50:15] Modify product: Uncharacterized lipoprotein YfhM => putative lipoprotein YfhM
[13:50:15] Modify product: UPF0070 protein HI_0370 => hypothetical protein
[13:50:15] Modify product: Uncharacterized protein YfgJ => putative protein YfgJ
[13:50:15] Modify product: Uncharacterized protein YfgD => putative protein YfgD
[13:50:15] Modify product: Uncharacterized protein Rv2575 => putative protein
[13:50:15] Modify product: Uncharacterized protein YfeY => putative protein YfeY
[13:50:15] Modify product: Probable deferrochelatase/peroxidase YfeX => putative deferrochelatase/peroxidase YfeX
[13:50:15] Modify product: Probable cyclic di-GMP phosphodiesterase PdeA => putative cyclic di-GMP phosphodiesterase PdeA
[13:50:15] Modify product: UPF0716 protein FxsA => hypothetical protein
[13:50:15] Modify product: Probable cadaverine/lysine antiporter => putative cadaverine/lysine antiporter
[13:50:15] Modify product: Uncharacterized protein YjdJ => putative protein YjdJ
[13:50:15] Modify product: Probable transcriptional regulator PhnF => putative transcriptional regulator PhnF
[13:50:15] Modify product: Probable D,D-dipeptide-binding periplasmic protein DdpA => putative D,D-dipeptide-binding periplasmic protein DdpA
[13:50:15] Modify product: Probable D,D-dipeptide transport system permease protein DdpC => putative D,D-dipeptide transport system permease protein DdpC
[13:50:15] Modify product: Uncharacterized ferredoxin-like protein YdhX => putative ferredoxin-like protein YdhX
[13:50:15] Modify product: Probable cyclic di-GMP phosphodiesterase PdeC => putative cyclic di-GMP phosphodiesterase PdeC
[13:50:15] Modify product: Uncharacterized protein YjbR => putative protein YjbR
[13:50:15] Modify product: Uncharacterized protein YncE => putative protein YncE
[13:50:15] Modify product: Uncharacterized protein YdcY => putative protein YdcY
[13:50:15] Modify product: Uncharacterized protease YdcP => putative protease YdcP
[13:50:15] Modify product: Uncharacterized protein Rv3292 => putative protein
[13:50:16] Modify product: Uncharacterized protein YnbD => putative protein YnbD
[13:50:16] Modify product: Uncharacterized protein YnbC => putative protein YnbC
[13:50:16] Modify product: Probable DNA endonuclease SmrA => putative DNA endonuclease SmrA
[13:50:16] Modify product: Probable multidrug resistance protein EmrK => putative multidrug resistance protein EmrK
[13:50:16] Modify product: Uncharacterized protein YcjY => putative protein YcjY
[13:50:16] Modify product: UPF0283 membrane protein YcjF => hypothetical protein
[13:50:16] Modify product: Uncharacterized protein YcjX => putative protein YcjX
[13:50:16] Modify product: Uncharacterized HTH-type transcriptional regulator YfiR => putative HTH-type transcriptional regulator YfiR
[13:50:16] Modify product: Uncharacterized protein YciH => putative protein YciH
[13:50:16] Modify product: Uncharacterized protein YmiA => putative protein YmiA
[13:50:16] Modify product: Probable protease SohB => putative protease SohB
[13:50:16] Modify product: Uncharacterized oxidoreductase YciK => putative oxidoreductase YciK
[13:50:16] Modify product: Uncharacterized protein YciO => putative protein YciO
[13:50:16] Cleaned 424 /product names
[13:50:16] Deleting unwanted file: results/annotation/sprot.faa
[13:50:16] Deleting unwanted file: results/annotation/sprot.blast
[13:50:16] There are still 1106 unannotated CDS left (started with 4881)
[13:50:16] Will use hmmer3 to search against /home/inggridwidiaa/miniconda3/envs/prokka_env/bin/../db/hmm/HAMAP.hmm with 8 CPUs
[13:50:16] Running: cat results\/annotation\/HAMAP\.hmm\.faa | parallel --gnu --plain -j 8 --block 15846 --recstart '>' --pipe hmmscan --noali --notextw --acc -E 1e-06 --cpu 1 /home/inggridwidiaa/miniconda3/envs/prokka_env/bin/../db/hmm/HAMAP.hmm /dev/stdin > results\/annotation\/HAMAP\.hmm\.hmmer3 2> /dev/null
[13:50:34] Modify product: Uncharacterized Nudix hydrolase NudL => putative Nudix hydrolase NudL
[13:50:35] Cleaned 1 /product names
[13:50:35] Deleting unwanted file: results/annotation/HAMAP.hmm.faa
[13:50:35] Deleting unwanted file: results/annotation/HAMAP.hmm.hmmer3
[13:50:35] Labelling remaining 1061 proteins as 'hypothetical protein'
[13:50:35] Possible /pseudo 'Inner membrane protein YbhL' at NZ_JWZW01000001.1 position 387173
[13:50:35] Possible /pseudo 'putative amino-acid metabolite efflux pump' at NZ_JWZW01000002.1 position 21257
[13:50:35] Possible /pseudo 'Sensor protein RstB' at NZ_JWZW01000002.1 position 61445
[13:50:35] Possible /pseudo 'Holliday junction ATP-dependent DNA helicase RuvA' at NZ_JWZW01000002.1 position 347994
[13:50:35] Possible /pseudo '3-deoxy-D-manno-octulosonic acid transferase' at NZ_JWZW01000012.1 position 5309
[13:50:35] Possible /pseudo 'Mannosylglucosyl-3-phosphoglycerate phosphatase' at NZ_JWZW01000013.1 position 44525
[13:50:35] Possible /pseudo 'Formate dehydrogenase-O major subunit' at NZ_JWZW01000013.1 position 90407
[13:50:35] Possible /pseudo 'Small toxic polypeptide LdrD' at NZ_JWZW01000014.1 position 33744
[13:50:35] Possible /pseudo 'putative protein YiaX1' at NZ_JWZW01000014.1 position 76715
[13:50:35] Possible /pseudo 'PTS system mannose-specific EIIAB component' at NZ_JWZW01000016.1 position 42686
[13:50:35] Possible /pseudo 'L-idonate 5-dehydrogenase (NAD(P)(+))' at NZ_JWZW01000017.1 position 73777
[13:50:35] Possible /pseudo 'Propionate catabolism operon regulatory protein' at NZ_JWZW01000018.1 position 20168
[13:50:35] Possible /pseudo 'HTH-type transcriptional regulator PgrR' at NZ_JWZW01000018.1 position 70590
[13:50:35] Possible /pseudo 'RepFIB replication protein A' at NZ_JWZW01000020.1 position 6657
[13:50:35] Possible /pseudo 'Protein UmuC' at NZ_JWZW01000020.1 position 15485
[13:50:35] Possible /pseudo 'Macrolide export ATP-binding/permease protein MacB' at NZ_JWZW01000020.1 position 88365
[13:50:35] Possible /pseudo 'Glucose-1-phosphatase' at NZ_JWZW01000020.1 position 91723
[13:50:35] Possible /pseudo 'UTP--glucose-1-phosphate uridylyltransferase' at NZ_JWZW01000003.1 position 34779
[13:50:35] Possible /pseudo 'Erythronate-4-phosphate dehydrogenase' at NZ_JWZW01000003.1 position 353653
[13:50:35] Possible /pseudo 'Putative protein-methionine-sulfoxide reductase subunit YedZ1' at NZ_JWZW01000025.1 position 18093
[13:50:35] Possible /pseudo 'Oxygen sensor protein DosP' at NZ_JWZW01000029.1 position 27832
[13:50:35] Possible /pseudo 'Formate dehydrogenase, nitrate-inducible, major subunit' at NZ_JWZW01000029.1 position 38488
[13:50:35] Possible /pseudo 'RNA 2'-phosphotransferase' at NZ_JWZW01000004.1 position 49698
[13:50:35] Possible /pseudo 'Colicin-E7 immunity protein' at NZ_JWZW01000004.1 position 252911
[13:50:35] Possible /pseudo 'Colicin-E7 immunity protein' at NZ_JWZW01000004.1 position 253610
[13:50:35] Possible /pseudo 'Manganese transport system membrane protein MntB' at NZ_JWZW01000037.1 position 10730
[13:50:35] Possible /pseudo 'putative FAD-linked oxidoreductase' at NZ_JWZW01000005.1 position 30918
[13:50:35] Possible /pseudo 'putative galactarate transporter' at NZ_JWZW01000005.1 position 198998
[13:50:35] Possible /pseudo 'Inner membrane protein YqcE' at NZ_JWZW01000006.1 position 34108
[13:50:35] Possible /pseudo 'Energy-coupling factor transporter ATP-binding protein EcfA1' at NZ_JWZW01000006.1 position 229776
[13:50:35] Possible /pseudo 'Prophage tail fiber assembly protein TfaE' at NZ_JWZW01000052.1 position 1080
[13:50:35] Possible /pseudo 'Transaldolase' at NZ_JWZW01000007.1 position 142168
[13:50:35] Possible /pseudo 'Multidrug transporter EmrE' at NZ_JWZW01000007.1 position 233763
[13:50:35] Possible /pseudo 'Propanediol utilization protein PduA' at NZ_JWZW01000007.1 position 243766
[13:50:35] Possible /pseudo 'Propanediol utilization protein PduA' at NZ_JWZW01000007.1 position 244068
[13:50:35] Possible /pseudo 'CRISPR-associated protein Csy2' at NZ_JWZW01000008.1 position 52192
[13:50:35] Possible /pseudo 'CRISPR-associated protein Csy3' at NZ_JWZW01000008.1 position 53564
[13:50:35] Possible /pseudo 'Putative pyrimidine permease RutG' at NZ_JWZW01000008.1 position 177783
[13:50:35] Possible /pseudo 'Glucitol operon repressor' at NZ_JWZW01000008.1 position 216060
[13:50:35] Possible /pseudo 'Galactarate dehydratase (L-threo-forming)' at NZ_JWZW01000008.1 position 216923
[13:50:35] Possible /pseudo 'Galactarate dehydratase (L-threo-forming)' at NZ_JWZW01000008.1 position 217312
[13:50:35] Possible /pseudo 'Transposase for transposon Tn5' at NZ_JWZW01000008.1 position 242830
[13:50:35] Possible /pseudo 'D-allose transport system permease protein AlsC' at NZ_JWZW01000009.1 position 118512
[13:50:35] Possible /pseudo 'Formate dehydrogenase H' at NZ_JWZW01000009.1 position 128811
[13:50:35] Found 3181 unique /gene codes.
[13:50:35] Fixed 3 duplicate /gene - hemR_1 hemR_2 hemR_3
[13:50:35] Fixed 3 duplicate /gene - umuC_1 umuC_2 umuC_3
[13:50:35] Fixed 2 duplicate /gene - caiA_1 caiA_2
[13:50:35] Fixed 3 duplicate /gene - mprA_1 mprA_2 mprA_3
[13:50:35] Fixed 2 duplicate /gene - dhaK_1 dhaK_2
[13:50:35] Fixed 2 duplicate /gene - chbA_1 chbA_2
[13:50:35] Fixed 2 duplicate /gene - xdhA_1 xdhA_2
[13:50:35] Fixed 2 duplicate /gene - pncC_1 pncC_2
[13:50:35] Fixed 2 duplicate /gene - ccmF_1 ccmF_2
[13:50:35] Fixed 3 duplicate /gene - pgrR_1 pgrR_2 pgrR_3
[13:50:35] Fixed 3 duplicate /gene - pduA_1 pduA_2 pduA_3
[13:50:35] Fixed 2 duplicate /gene - ydhX_1 ydhX_2
[13:50:35] Fixed 2 duplicate /gene - ecfA1_1 ecfA1_2
[13:50:35] Fixed 2 duplicate /gene - ydgA_1 ydgA_2
[13:50:35] Fixed 2 duplicate /gene - fucK_1 fucK_2
[13:50:35] Fixed 2 duplicate /gene - acrR_1 acrR_2
[13:50:35] Fixed 2 duplicate /gene - pphB_1 pphB_2
[13:50:35] Fixed 2 duplicate /gene - kdgR_1 kdgR_2
[13:50:35] Fixed 2 duplicate /gene - ruvA_1 ruvA_2
[13:50:35] Fixed 2 duplicate /gene - ompD_1 ompD_2
[13:50:35] Fixed 2 duplicate /gene - fruK_1 fruK_2
[13:50:35] Fixed 2 duplicate /gene - cynR_1 cynR_2
[13:50:35] Fixed 2 duplicate /gene - yohK_1 yohK_2
[13:50:35] Fixed 3 duplicate /gene - yhjE_1 yhjE_2 yhjE_3
[13:50:35] Fixed 2 duplicate /gene - papB_1 papB_2
[13:50:35] Fixed 2 duplicate /gene - nlpD_1 nlpD_2
[13:50:35] Fixed 2 duplicate /gene - acrB_1 acrB_2
[13:50:35] Fixed 2 duplicate /gene - fdoG_1 fdoG_2
[13:50:35] Fixed 2 duplicate /gene - ydiF_1 ydiF_2
[13:50:35] Fixed 2 duplicate /gene - malY_1 malY_2
[13:50:35] Fixed 3 duplicate /gene - cysH_1 cysH_2 cysH_3
[13:50:35] Fixed 2 duplicate /gene - yejK_1 yejK_2
[13:50:35] Fixed 2 duplicate /gene - acpP_1 acpP_2
[13:50:35] Fixed 2 duplicate /gene - hcaR_1 hcaR_2
[13:50:35] Fixed 2 duplicate /gene - cdsA_1 cdsA_2
[13:50:35] Fixed 3 duplicate /gene - chuR_1 chuR_2 chuR_3
[13:50:35] Fixed 2 duplicate /gene - efeU_1 efeU_2
[13:50:35] Fixed 2 duplicate /gene - acs_1 acs_2
[13:50:35] Fixed 2 duplicate /gene - yadV_1 yadV_2
[13:50:35] Fixed 2 duplicate /gene - higA-2_1 higA-2_2
[13:50:35] Fixed 3 duplicate /gene - epsJ_1 epsJ_2 epsJ_3
[13:50:35] Fixed 2 duplicate /gene - yggP_1 yggP_2
[13:50:35] Fixed 2 duplicate /gene - pyrE_1 pyrE_2
[13:50:35] Fixed 4 duplicate /gene - rrrD_1 rrrD_2 rrrD_3 rrrD_4
[13:50:35] Fixed 3 duplicate /gene - xerC_1 xerC_2 xerC_3
[13:50:35] Fixed 3 duplicate /gene - imm_1 imm_2 imm_3
[13:50:35] Fixed 4 duplicate /gene - manX_1 manX_2 manX_3 manX_4
[13:50:35] Fixed 5 duplicate /gene - rbsC_1 rbsC_2 rbsC_3 rbsC_4 rbsC_5
[13:50:35] Fixed 2 duplicate /gene - appA_1 appA_2
[13:50:35] Fixed 2 duplicate /gene - mepS_1 mepS_2
[13:50:35] Fixed 3 duplicate /gene - cirA_1 cirA_2 cirA_3
[13:50:35] Fixed 2 duplicate /gene - ybhI_1 ybhI_2
[13:50:35] Fixed 2 duplicate /gene - ptsI_1 ptsI_2
[13:50:35] Fixed 2 duplicate /gene - artM_1 artM_2
[13:50:35] Fixed 2 duplicate /gene - slp_1 slp_2
[13:50:35] Fixed 2 duplicate /gene - epsM_1 epsM_2
[13:50:35] Fixed 2 duplicate /gene - aaeA_1 aaeA_2
[13:50:35] Fixed 2 duplicate /gene - glxK_1 glxK_2
[13:50:35] Fixed 2 duplicate /gene - higB-2_1 higB-2_2
[13:50:35] Fixed 3 duplicate /gene - era_1 era_2 era_3
[13:50:35] Fixed 2 duplicate /gene - sfp_1 sfp_2
[13:50:35] Fixed 2 duplicate /gene - kptA_1 kptA_2
[13:50:35] Fixed 4 duplicate /gene - manZ_1 manZ_2 manZ_3 manZ_4
[13:50:35] Fixed 3 duplicate /gene - cbeA_1 cbeA_2 cbeA_3
[13:50:35] Fixed 2 duplicate /gene - dgcZ_1 dgcZ_2
[13:50:35] Fixed 2 duplicate /gene - mtlK_1 mtlK_2
[13:50:35] Fixed 2 duplicate /gene - yhjB_1 yhjB_2
[13:50:35] Fixed 2 duplicate /gene - phoP_1 phoP_2
[13:50:35] Fixed 2 duplicate /gene - repB_1 repB_2
[13:50:35] Fixed 2 duplicate /gene - hflC_1 hflC_2
[13:50:35] Fixed 2 duplicate /gene - yncE_1 yncE_2
[13:50:35] Fixed 2 duplicate /gene - gspK_1 gspK_2
[13:50:35] Fixed 2 duplicate /gene - eamA_1 eamA_2
[13:50:35] Fixed 2 duplicate /gene - lptB_1 lptB_2
[13:50:35] Fixed 2 duplicate /gene - nadC_1 nadC_2
[13:50:35] Fixed 2 duplicate /gene - sucA_1 sucA_2
[13:50:35] Fixed 2 duplicate /gene - sgrR_1 sgrR_2
[13:50:35] Fixed 2 duplicate /gene - rstB_1 rstB_2
[13:50:35] Fixed 3 duplicate /gene - pdhR_1 pdhR_2 pdhR_3
[13:50:35] Fixed 2 duplicate /gene - atsA_1 atsA_2
[13:50:35] Fixed 2 duplicate /gene - gltR_1 gltR_2
[13:50:35] Fixed 2 duplicate /gene - clcD_1 clcD_2
[13:50:35] Fixed 2 duplicate /gene - yfcS_1 yfcS_2
[13:50:35] Fixed 2 duplicate /gene - ulaE_1 ulaE_2
[13:50:35] Fixed 5 duplicate /gene - rusA_1 rusA_2 rusA_3 rusA_4 rusA_5
[13:50:35] Fixed 2 duplicate /gene - rclR_1 rclR_2
[13:50:35] Fixed 2 duplicate /gene - fixB_1 fixB_2
[13:50:35] Fixed 4 duplicate /gene - hyfA_1 hyfA_2 hyfA_3 hyfA_4
[13:50:35] Fixed 2 duplicate /gene - mepA_1 mepA_2
[13:50:35] Fixed 2 duplicate /gene - ugpC_1 ugpC_2
[13:50:35] Fixed 2 duplicate /gene - yvgN_1 yvgN_2
[13:50:35] Fixed 2 duplicate /gene - rsmI_1 rsmI_2
[13:50:35] Fixed 2 duplicate /gene - fhuA_1 fhuA_2
[13:50:35] Fixed 2 duplicate /gene - ybiI_1 ybiI_2
[13:50:35] Fixed 2 duplicate /gene - caiT_1 caiT_2
[13:50:35] Fixed 2 duplicate /gene - kefC_1 kefC_2
[13:50:35] Fixed 2 duplicate /gene - fryA_1 fryA_2
[13:50:35] Fixed 2 duplicate /gene - cca_1 cca_2
[13:50:35] Fixed 2 duplicate /gene - dsdC_1 dsdC_2
[13:50:35] Fixed 2 duplicate /gene - yphB_1 yphB_2
[13:50:35] Fixed 2 duplicate /gene - rspA_1 rspA_2
[13:50:35] Fixed 2 duplicate /gene - rhtC_1 rhtC_2
[13:50:35] Fixed 4 duplicate /gene - adhE_1 adhE_2 adhE_3 adhE_4
[13:50:35] Fixed 2 duplicate /gene - gatB_1 gatB_2
[13:50:35] Fixed 2 duplicate /gene - por_1 por_2
[13:50:35] Fixed 2 duplicate /gene - tktA_1 tktA_2
[13:50:35] Fixed 2 duplicate /gene - nhaK_1 nhaK_2
[13:50:35] Fixed 2 duplicate /gene - gpFI_1 gpFI_2
[13:50:35] Fixed 2 duplicate /gene - yiaX1_1 yiaX1_2
[13:50:35] Fixed 3 duplicate /gene - mntB_1 mntB_2 mntB_3
[13:50:35] Fixed 2 duplicate /gene - pdxB_1 pdxB_2
[13:50:35] Fixed 3 duplicate /gene - glnQ_1 glnQ_2 glnQ_3
[13:50:35] Fixed 2 duplicate /gene - agaC_1 agaC_2
[13:50:35] Fixed 2 duplicate /gene - glnM_1 glnM_2
[13:50:35] Fixed 2 duplicate /gene - dctM_1 dctM_2
[13:50:35] Fixed 2 duplicate /gene - waaA_1 waaA_2
[13:50:35] Fixed 2 duplicate /gene - cysE_1 cysE_2
[13:50:35] Fixed 2 duplicate /gene - hmuU_1 hmuU_2
[13:50:35] Fixed 2 duplicate /gene - alsC_1 alsC_2
[13:50:35] Fixed 2 duplicate /gene - pitA_1 pitA_2
[13:50:35] Fixed 2 duplicate /gene - rbsK_1 rbsK_2
[13:50:35] Fixed 3 duplicate /gene - dapA_1 dapA_2 dapA_3
[13:50:35] Fixed 2 duplicate /gene - gstB_1 gstB_2
[13:50:35] Fixed 2 duplicate /gene - nimR_1 nimR_2
[13:50:35] Fixed 2 duplicate /gene - yjaB_1 yjaB_2
[13:50:35] Fixed 3 duplicate /gene - cbtA_1 cbtA_2 cbtA_3
[13:50:35] Fixed 2 duplicate /gene - ycjY_1 ycjY_2
[13:50:35] Fixed 3 duplicate /gene - ompX_1 ompX_2 ompX_3
[13:50:35] Fixed 2 duplicate /gene - lldR_1 lldR_2
[13:50:35] Fixed 2 duplicate /gene - focC_1 focC_2
[13:50:35] Fixed 2 duplicate /gene - glpR_1 glpR_2
[13:50:35] Fixed 2 duplicate /gene - kgtP_1 kgtP_2
[13:50:35] Fixed 2 duplicate /gene - fes_1 fes_2
[13:50:35] Fixed 2 duplicate /gene - tsx_1 tsx_2
[13:50:35] Fixed 2 duplicate /gene - emrK_1 emrK_2
[13:50:35] Fixed 2 duplicate /gene - recF_1 recF_2
[13:50:35] Fixed 2 duplicate /gene - dam_1 dam_2
[13:50:35] Fixed 2 duplicate /gene - carA_1 carA_2
[13:50:35] Fixed 4 duplicate /gene - bhsA_1 bhsA_2 bhsA_3 bhsA_4
[13:50:35] Fixed 2 duplicate /gene - mltF_1 mltF_2
[13:50:35] Fixed 2 duplicate /gene - bcr_1 bcr_2
[13:50:35] Fixed 2 duplicate /gene - sucD_1 sucD_2
[13:50:35] Fixed 2 duplicate /gene - ydjF_1 ydjF_2
[13:50:35] Fixed 2 duplicate /gene - rhaS_1 rhaS_2
[13:50:35] Fixed 3 duplicate /gene - macB_1 macB_2 macB_3
[13:50:35] Fixed 2 duplicate /gene - sapB_1 sapB_2
[13:50:35] Fixed 2 duplicate /gene - mak_1 mak_2
[13:50:35] Fixed 2 duplicate /gene - aspT_1 aspT_2
[13:50:35] Fixed 3 duplicate /gene - fbaA_1 fbaA_2 fbaA_3
[13:50:35] Fixed 5 duplicate /gene - tfaE_1 tfaE_2 tfaE_3 tfaE_4 tfaE_5
[13:50:35] Fixed 2 duplicate /gene - dppD_1 dppD_2
[13:50:35] Fixed 2 duplicate /gene - cysW_1 cysW_2
[13:50:35] Fixed 2 duplicate /gene - gatY_1 gatY_2
[13:50:35] Fixed 2 duplicate /gene - grsB_1 grsB_2
[13:50:35] Fixed 2 duplicate /gene - yrdA_1 yrdA_2
[13:50:35] Fixed 2 duplicate /gene - fryB_1 fryB_2
[13:50:35] Fixed 2 duplicate /gene - sbmC_1 sbmC_2
[13:50:35] Fixed 2 duplicate /gene - crfC_1 crfC_2
[13:50:35] Fixed 2 duplicate /gene - rhaR_1 rhaR_2
[13:50:35] Fixed 2 duplicate /gene - arcA_1 arcA_2
[13:50:35] Fixed 3 duplicate /gene - oppF_1 oppF_2 oppF_3
[13:50:35] Fixed 2 duplicate /gene - yphA_1 yphA_2
[13:50:35] Fixed 2 duplicate /gene - ybhL_1 ybhL_2
[13:50:35] Fixed 2 duplicate /gene - flhA_1 flhA_2
[13:50:35] Fixed 2 duplicate /gene - rutG_1 rutG_2
[13:50:35] Fixed 2 duplicate /gene - mngR_1 mngR_2
[13:50:35] Fixed 2 duplicate /gene - yjbR_1 yjbR_2
[13:50:35] Fixed 2 duplicate /gene - yhjJ_1 yhjJ_2
[13:50:35] Fixed 2 duplicate /gene - ampG_1 ampG_2
[13:50:35] Fixed 2 duplicate /gene - idnD_1 idnD_2
[13:50:35] Fixed 3 duplicate /gene - epsD_1 epsD_2 epsD_3
[13:50:35] Fixed 3 duplicate /gene - emrE_1 emrE_2 emrE_3
[13:50:35] Fixed 2 duplicate /gene - dmsC_1 dmsC_2
[13:50:35] Fixed 3 duplicate /gene - lolD_1 lolD_2 lolD_3
[13:50:35] Fixed 2 duplicate /gene - dgoA_1 dgoA_2
[13:50:35] Fixed 2 duplicate /gene - lacR_1 lacR_2
[13:50:35] Fixed 2 duplicate /gene - bglF_1 bglF_2
[13:50:35] Fixed 2 duplicate /gene - prpR_1 prpR_2
[13:50:35] Fixed 2 duplicate /gene - php_1 php_2
[13:50:35] Fixed 2 duplicate /gene - lgoD_1 lgoD_2
[13:50:35] Fixed 2 duplicate /gene - gatC_1 gatC_2
[13:50:35] Fixed 2 duplicate /gene - bglA_1 bglA_2
[13:50:35] Fixed 2 duplicate /gene - fhuC_1 fhuC_2
[13:50:35] Fixed 3 duplicate /gene - potA_1 potA_2 potA_3
[13:50:35] Fixed 3 duplicate /gene - papC_1 papC_2 papC_3
[13:50:35] Fixed 6 duplicate /gene - xerD_1 xerD_2 xerD_3 xerD_4 xerD_5 xerD_6
[13:50:35] Fixed 2 duplicate /gene - icd_1 icd_2
[13:50:35] Fixed 2 duplicate /gene - rutB_1 rutB_2
[13:50:35] Fixed 3 duplicate /gene - bglH_1 bglH_2 bglH_3
[13:50:35] Fixed 2 duplicate /gene - lptF_1 lptF_2
[13:50:35] Fixed 2 duplicate /gene - rbsB_1 rbsB_2
[13:50:35] Fixed 2 duplicate /gene - hpf_1 hpf_2
[13:50:35] Fixed 2 duplicate /gene - epsH_1 epsH_2
[13:50:35] Fixed 2 duplicate /gene - epsE_1 epsE_2
[13:50:35] Fixed 3 duplicate /gene - cutD_1 cutD_2 cutD_3
[13:50:35] Fixed 2 duplicate /gene - topA_1 topA_2
[13:50:35] Fixed 2 duplicate /gene - ydfO_1 ydfO_2
[13:50:35] Fixed 2 duplicate /gene - argR_1 argR_2
[13:50:35] Fixed 2 duplicate /gene - proS_1 proS_2
[13:50:35] Fixed 2 duplicate /gene - argE_1 argE_2
[13:50:35] Fixed 3 duplicate /gene - sorB_1 sorB_2 sorB_3
[13:50:35] Fixed 2 duplicate /gene - pspB_1 pspB_2
[13:50:35] Fixed 3 duplicate /gene - fruA_1 fruA_2 fruA_3
[13:50:35] Fixed 2 duplicate /gene - rob_1 rob_2
[13:50:35] Fixed 2 duplicate /gene - codB_1 codB_2
[13:50:35] Fixed 3 duplicate /gene - yahB_1 yahB_2 yahB_3
[13:50:35] Fixed 2 duplicate /gene - dosP_1 dosP_2
[13:50:35] Fixed 2 duplicate /gene - lptG_1 lptG_2
[13:50:35] Fixed 2 duplicate /gene - ydjZ_1 ydjZ_2
[13:50:35] Fixed 2 duplicate /gene - hha_1 hha_2
[13:50:35] Fixed 2 duplicate /gene - malX_1 malX_2
[13:50:35] Fixed 2 duplicate /gene - mtlA_1 mtlA_2
[13:50:35] Fixed 3 duplicate /gene - glmU_1 glmU_2 glmU_3
[13:50:35] Fixed 2 duplicate /gene - ssb_1 ssb_2
[13:50:35] Fixed 3 duplicate /gene - gspA_1 gspA_2 gspA_3
[13:50:35] Fixed 2 duplicate /gene - fdnH_1 fdnH_2
[13:50:35] Fixed 2 duplicate /gene - garP_1 garP_2
[13:50:35] Fixed 6 duplicate /gene - hcpA_1 hcpA_2 hcpA_3 hcpA_4 hcpA_5 hcpA_6
[13:50:35] Fixed 2 duplicate /gene - yccS_1 yccS_2
[13:50:35] Fixed 2 duplicate /gene - glxR_1 glxR_2
[13:50:35] Fixed 4 duplicate /gene - arcC1_1 arcC1_2 arcC1_3 arcC1_4
[13:50:35] Fixed 2 duplicate /gene - glcR_1 glcR_2
[13:50:35] Fixed 2 duplicate /gene - csy2_1 csy2_2
[13:50:35] Fixed 2 duplicate /gene - hemN_1 hemN_2
[13:50:35] Fixed 2 duplicate /gene - dmsB_1 dmsB_2
[13:50:35] Fixed 2 duplicate /gene - dppB_1 dppB_2
[13:50:35] Fixed 3 duplicate /gene - rimO_1 rimO_2 rimO_3
[13:50:35] Fixed 2 duplicate /gene - ytfJ_1 ytfJ_2
[13:50:35] Fixed 3 duplicate /gene - rpnA_1 rpnA_2 rpnA_3
[13:50:35] Fixed 2 duplicate /gene - aaeB_1 aaeB_2
[13:50:35] Fixed 3 duplicate /gene - ydjE_1 ydjE_2 ydjE_3
[13:50:35] Fixed 2 duplicate /gene - ydiV_1 ydiV_2
[13:50:35] Fixed 2 duplicate /gene - epsF_1 epsF_2
[13:50:35] Fixed 2 duplicate /gene - mepH_1 mepH_2
[13:50:35] Fixed 4 duplicate /gene - cutC_1 cutC_2 cutC_3 cutC_4
[13:50:35] Fixed 2 duplicate /gene - bioD1_1 bioD1_2
[13:50:35] Fixed 2 duplicate /gene - sucB_1 sucB_2
[13:50:35] Fixed 5 duplicate /gene - lexA_1 lexA_2 lexA_3 lexA_4 lexA_5
[13:50:35] Fixed 2 duplicate /gene - galF_1 galF_2
[13:50:35] Fixed 2 duplicate /gene - fhuD_1 fhuD_2
[13:50:35] Fixed 2 duplicate /gene - htrE_1 htrE_2
[13:50:35] Fixed 2 duplicate /gene - lon_1 lon_2
[13:50:35] Fixed 2 duplicate /gene - sorC_1 sorC_2
[13:50:35] Fixed 2 duplicate /gene - ssuC_1 ssuC_2
[13:50:35] Fixed 2 duplicate /gene - ydfR_1 ydfR_2
[13:50:35] Fixed 2 duplicate /gene - yhdJ_1 yhdJ_2
[13:50:35] Fixed 2 duplicate /gene - sucC_1 sucC_2
[13:50:35] Fixed 3 duplicate /gene - hokA_1 hokA_2 hokA_3
[13:50:35] Fixed 3 duplicate /gene - gltD_1 gltD_2 gltD_3
[13:50:35] Fixed 2 duplicate /gene - fimA_1 fimA_2
[13:50:35] Fixed 2 duplicate /gene - dgoK1_1 dgoK1_2
[13:50:35] Fixed 2 duplicate /gene - nadR_1 nadR_2
[13:50:35] Fixed 2 duplicate /gene - mdh_1 mdh_2
[13:50:35] Fixed 2 duplicate /gene - dnaK_1 dnaK_2
[13:50:35] Fixed 3 duplicate /gene - nagB_1 nagB_2 nagB_3
[13:50:35] Fixed 2 duplicate /gene - hokC_1 hokC_2
[13:50:35] Fixed 2 duplicate /gene - fdnG_1 fdnG_2
[13:50:35] Fixed 2 duplicate /gene - frwD_1 frwD_2
[13:50:35] Fixed 2 duplicate /gene - ttdT_1 ttdT_2
[13:50:35] Fixed 2 duplicate /gene - opgE_1 opgE_2
[13:50:35] Fixed 2 duplicate /gene - cusC_1 cusC_2
[13:50:35] Fixed 3 duplicate /gene - vgrG1_1 vgrG1_2 vgrG1_3
[13:50:35] Fixed 2 duplicate /gene - coaA_1 coaA_2
[13:50:35] Fixed 3 duplicate /gene - fabG_1 fabG_2 fabG_3
[13:50:35] Fixed 2 duplicate /gene - tonB_1 tonB_2
[13:50:35] Fixed 2 duplicate /gene - dsdA_1 dsdA_2
[13:50:35] Fixed 2 duplicate /gene - bioF_1 bioF_2
[13:50:35] Fixed 3 duplicate /gene - sppA_1 sppA_2 sppA_3
[13:50:35] Fixed 3 duplicate /gene - fimD_1 fimD_2 fimD_3
[13:50:35] Fixed 2 duplicate /gene - gcl_1 gcl_2
[13:50:35] Fixed 2 duplicate /gene - gntK_1 gntK_2
[13:50:35] Fixed 2 duplicate /gene - lpp_1 lpp_2
[13:50:35] Fixed 2 duplicate /gene - ftnA_1 ftnA_2
[13:50:35] Fixed 2 duplicate /gene - bshB1_1 bshB1_2
[13:50:35] Fixed 2 duplicate /gene - mggB_1 mggB_2
[13:50:35] Fixed 3 duplicate /gene - rbsA_1 rbsA_2 rbsA_3
[13:50:35] Fixed 2 duplicate /gene - tal_1 tal_2
[13:50:35] Fixed 2 duplicate /gene - csy3_1 csy3_2
[13:50:35] Fixed 2 duplicate /gene - mlc_1 mlc_2
[13:50:35] Fixed 3 duplicate /gene - agp_1 agp_2 agp_3
[13:50:35] Fixed 2 duplicate /gene - agaS_1 agaS_2
[13:50:35] Fixed 2 duplicate /gene - tabA_1 tabA_2
[13:50:35] Fixed 2 duplicate /gene - gadX_1 gadX_2
[13:50:35] Fixed 2 duplicate /gene - patB_1 patB_2
[13:50:35] Fixed 4 duplicate /gene - lpfA_1 lpfA_2 lpfA_3 lpfA_4
[13:50:35] Fixed 2 duplicate /gene - rtcB_1 rtcB_2
[13:50:35] Fixed 2 duplicate /gene - proP_1 proP_2
[13:50:35] Fixed 3 duplicate /gene - dinI_1 dinI_2 dinI_3
[13:50:35] Fixed 2 duplicate /gene - pnuC_1 pnuC_2
[13:50:35] Fixed 2 duplicate /gene - ybdM_1 ybdM_2
[13:50:35] Fixed 3 duplicate /gene - ydcV_1 ydcV_2 ydcV_3
[13:50:35] Fixed 3 duplicate /gene - ygcS_1 ygcS_2 ygcS_3
[13:50:35] Fixed 2 duplicate /gene - dinG_1 dinG_2
[13:50:35] Fixed 2 duplicate /gene - exuT_1 exuT_2
[13:50:35] Fixed 2 duplicate /gene - msbA_1 msbA_2
[13:50:35] Fixed 2 duplicate /gene - ftsA_1 ftsA_2
[13:50:35] Fixed 2 duplicate /gene - kduD_1 kduD_2
[13:50:35] Fixed 2 duplicate /gene - crt_1 crt_2
[13:50:35] Fixed 2 duplicate /gene - tnpA_1 tnpA_2
[13:50:35] Fixed 2 duplicate /gene - secA_1 secA_2
[13:50:35] Fixed 2 duplicate /gene - lapB_1 lapB_2
[13:50:35] Fixed 2 duplicate /gene - yqcE_1 yqcE_2
[13:50:35] Fixed 3 duplicate /gene - gltC_1 gltC_2 gltC_3
[13:50:35] Fixed 2 duplicate /gene - nanR_1 nanR_2
[13:50:35] Fixed 2 duplicate /gene - fimC_1 fimC_2
[13:50:35] Fixed 2 duplicate /gene - chbC_1 chbC_2
[13:50:35] Fixed 2 duplicate /gene - umuD_1 umuD_2
[13:50:35] Fixed 2 duplicate /gene - yhaJ_1 yhaJ_2
[13:50:35] Fixed 2 duplicate /gene - psuK_1 psuK_2
[13:50:35] Fixed 4 duplicate /gene - garD_1 garD_2 garD_3 garD_4
[13:50:35] Fixed 4 duplicate /gene - intA_1 intA_2 intA_3 intA_4
[13:50:35] Fixed 2 duplicate /gene - ptsH_1 ptsH_2
[13:50:35] Fixed 2 duplicate /gene - pikAV_1 pikAV_2
[13:50:35] Fixed 3 duplicate /gene - oxyR_1 oxyR_2 oxyR_3
[13:50:35] Fixed 2 duplicate /gene - rpnD_1 rpnD_2
[13:50:35] Fixed 2 duplicate /gene - mdtN_1 mdtN_2
[13:50:35] Fixed 4 duplicate /gene - kbaY_1 kbaY_2 kbaY_3 kbaY_4
[13:50:35] Fixed 7 duplicate /gene - srlR_1 srlR_2 srlR_3 srlR_4 srlR_5 srlR_6 srlR_7
[13:50:35] Fixed 2 duplicate /gene - cysA_1 cysA_2
[13:50:35] Fixed 2 duplicate /gene - ccmH_1 ccmH_2
[13:50:35] Fixed 3 duplicate /gene - fdrA_1 fdrA_2 fdrA_3
[13:50:35] Fixed 2 duplicate /gene - gntR_1 gntR_2
[13:50:35] Fixed 2 duplicate /gene - yiaD_1 yiaD_2
[13:50:35] Fixed 4 duplicate /gene - dmlR_1 dmlR_2 dmlR_3 dmlR_4
[13:50:35] Fixed 2 duplicate /gene - dsdX_1 dsdX_2
[13:50:35] Fixed 2 duplicate /gene - fimH_1 fimH_2
[13:50:35] Fixed 2 duplicate /gene - mglA_1 mglA_2
[13:50:35] Fixed 3 duplicate /gene - ubiE_1 ubiE_2 ubiE_3
[13:50:35] Fixed 2 duplicate /gene - dbpA_1 dbpA_2
[13:50:35] Fixed 2 duplicate /gene - narL_1 narL_2
[13:50:35] Fixed 2 duplicate /gene - dhaL_1 dhaL_2
[13:50:35] Fixed 2 duplicate /gene - hyi_1 hyi_2
[13:50:35] Fixed 4 duplicate /gene - ppsE_1 ppsE_2 ppsE_3 ppsE_4
[13:50:35] Fixed 2 duplicate /gene - srmB_1 srmB_2
[13:50:35] Fixed 3 duplicate /gene - tmk_1 tmk_2 tmk_3
[13:50:35] Fixed 2 duplicate /gene - lpxD_1 lpxD_2
[13:50:35] Fixed 2 duplicate /gene - fepC_1 fepC_2
[13:50:35] Fixed 2 duplicate /gene - dhaR_1 dhaR_2
[13:50:35] Fixed 2 duplicate /gene - argA_1 argA_2
[13:50:35] Fixed 2 duplicate /gene - glrR_1 glrR_2
[13:50:35] Fixed 2 duplicate /gene - osmY_1 osmY_2
[13:50:35] Fixed 2 duplicate /gene - malP_1 malP_2
[13:50:35] Fixed 2 duplicate /gene - fimG_1 fimG_2
[13:50:35] Fixed 2 duplicate /gene - fdhF_1 fdhF_2
[13:50:35] Fixed 2 duplicate /gene - ptsG_1 ptsG_2
[13:50:35] Fixed 2 duplicate /gene - ybbH_1 ybbH_2
[13:50:35] Fixed 2 duplicate /gene - cytR_1 cytR_2
[13:50:35] Fixed 2 duplicate /gene - lutA_1 lutA_2
[13:50:35] Fixed 2 duplicate /gene - prfA_1 prfA_2
[13:50:35] Fixed 2 duplicate /gene - dnaJ_1 dnaJ_2
[13:50:35] Fixed 2 duplicate /gene - ltrA_1 ltrA_2
[13:50:35] Fixed 2 duplicate /gene - deoB_1 deoB_2
[13:50:35] Fixed 3 duplicate /gene - fixX_1 fixX_2 fixX_3
[13:50:35] Fixed 2 duplicate /gene - ygdR_1 ygdR_2
[13:50:35] Fixed 2 duplicate /gene - dnaB_1 dnaB_2
[13:50:35] Fixed 2 duplicate /gene - betC_1 betC_2
[13:50:35] Fixed 2 duplicate /gene - ldrD_1 ldrD_2
[13:50:35] Fixed 2 duplicate /gene - mleN_1 mleN_2
[13:50:35] Fixed 2 duplicate /gene - intS_1 intS_2
[13:50:35] Fixed 2 duplicate /gene - ccdA_1 ccdA_2
[13:50:35] Fixed 2 duplicate /gene - yhhT_1 yhhT_2
[13:50:35] Fixed 2 duplicate /gene - iolS_1 iolS_2
[13:50:35] Fixed 2 duplicate /gene - emrB_1 emrB_2
[13:50:35] Fixed 2 duplicate /gene - kdsD_1 kdsD_2
[13:50:35] Fixed 2 duplicate /gene - fixA_1 fixA_2
[13:50:35] Fixed 2 duplicate /gene - clpV1_1 clpV1_2
[13:50:35] Fixed 2 duplicate /gene - manR_1 manR_2
[13:50:35] Fixed 4 duplicate /gene - kdgK_1 kdgK_2 kdgK_3 kdgK_4
[13:50:35] Fixed 2 duplicate /gene - clpP_1 clpP_2
[13:50:35] Fixed 2 duplicate /gene - radD_1 radD_2
[13:50:35] Fixed 3 duplicate /gene - hin_1 hin_2 hin_3
[13:50:35] Fixed 3 duplicate /gene - klcA_1 klcA_2 klcA_3
[13:50:35] Fixed 2 duplicate /gene - ydcP_1 ydcP_2
[13:50:35] Fixed 2 duplicate /gene - dgcQ_1 dgcQ_2
[13:50:35] Fixed 374 colliding /gene names.
[13:50:35] Adding /locus_tag identifiers
[13:50:35] Assigned 4980 locus_tags to CDS and RNA features.
[13:50:35] Writing outputs to results/annotation/
[13:50:41] Generating annotation statistics file
[13:50:41] Generating Genbank and Sequin files
[13:50:41] Running: tbl2asn -V b -a r10k -l paired-ends -M n -N 1 -y 'Annotated using prokka 1.13 from https://github.com/tseemann/prokka' -Z results\/annotation\/strain_N31\.err -i results\/annotation\/strain_N31\.fsa 2> /dev/null
[13:50:50] Deleting unwanted file: results/annotation/errorsummary.val
[13:50:50] Deleting unwanted file: results/annotation/strain_N31.dr
[13:50:50] Deleting unwanted file: results/annotation/strain_N31.fixedproducts
[13:50:50] Deleting unwanted file: results/annotation/strain_N31.ecn
[13:50:50] Deleting unwanted file: results/annotation/strain_N31.val
[13:50:50] Repairing broken .GBK output that tbl2asn produces...
[13:50:50] Running: sed 's/COORDINATES: profile/COORDINATES:profile/' < results\/annotation\/strain_N31\.gbf > results\/annotation\/strain_N31\.gbk
[13:50:51] Deleting unwanted file: results/annotation/strain_N31.gbf
[13:50:51] Output files:
[13:50:51] results/annotation/strain_N31.err
[13:50:51] results/annotation/strain_N31.faa
[13:50:51] results/annotation/strain_N31.ffn
[13:50:51] results/annotation/strain_N31.fna
[13:50:51] results/annotation/strain_N31.fsa
[13:50:51] results/annotation/strain_N31.gbk
[13:50:51] results/annotation/strain_N31.gff
[13:50:51] results/annotation/strain_N31.log
[13:50:51] results/annotation/strain_N31.sqn
[13:50:51] results/annotation/strain_N31.tbl
[13:50:51] results/annotation/strain_N31.tsv
[13:50:51] results/annotation/strain_N31.txt
[13:50:51] Annotation finished successfully.
[13:50:51] Walltime used: 2.22 minutes
[13:50:51] If you use this result please cite the Prokka paper:
[13:50:51] Seemann T (2014) Prokka: rapid prokaryotic genome annotation. Bioinformatics. 30(14):2068-9.
[13:50:51] Type 'prokka --citation' for more details.
[13:50:51] Share and enjoy!
